Replace Part C1 CAP_1uF_16V_20%_0805 in C:\Users\Dems\Documents\Harish_Holosuit\Github_Harish\New folder\BMS_Madan\Main Schematics.SchDoc with CAP_1uF_16V_20%_0805 from HK_ALTIUM_COM_LIB.IntLib
Replace Part C2 CAP_1uF_16V_20%_0805 in C:\Users\Dems\Documents\Harish_Holosuit\Github_Harish\New folder\BMS_Madan\Main Schematics.SchDoc with CAP_1uF_16V_20%_0805 from HK_ALTIUM_COM_LIB.IntLib
Replace Part C3 CAP_1uF_16V_20%_0805 in C:\Users\Dems\Documents\Harish_Holosuit\Github_Harish\New folder\BMS_Madan\Main Schematics.SchDoc with CAP_1uF_16V_20%_0805 from HK_ALTIUM_COM_LIB.IntLib
Replace Part C4 CAP_0.1uF_16V_10%_0805 in C:\Users\Dems\Documents\Harish_Holosuit\Github_Harish\New folder\BMS_Madan\Main Schematics.SchDoc with CAP_0.1uF_16V_10%_0805 from HK_ALTIUM_COM_LIB.IntLib
Replace Part C5 CAP_1uF_16V_20%_0805 in C:\Users\Dems\Documents\Harish_Holosuit\Github_Harish\New folder\BMS_Madan\Main Schematics.SchDoc with CAP_1uF_16V_20%_0805 from HK_ALTIUM_COM_LIB.IntLib
Replace Part C6 CAP_0.1uF_16V_10%_0805 in C:\Users\Dems\Documents\Harish_Holosuit\Github_Harish\New folder\BMS_Madan\Main Schematics.SchDoc with CAP_0.1uF_16V_10%_0805 from HK_ALTIUM_COM_LIB.IntLib
Replace Part C7 CAP_0.1uF_16V_10%_0805 in C:\Users\Dems\Documents\Harish_Holosuit\Github_Harish\New folder\BMS_Madan\Main Schematics.SchDoc with CAP_0.1uF_16V_10%_0805 from HK_ALTIUM_COM_LIB.IntLib
Replace Part C8 CAP_1uF_16V_20%_0805 in C:\Users\Dems\Documents\Harish_Holosuit\Github_Harish\New folder\BMS_Madan\Main Schematics.SchDoc with CAP_1uF_16V_20%_0805 from HK_ALTIUM_COM_LIB.IntLib
Replace Part C9 CAP_1uF_16V_20%_0805 in C:\Users\Dems\Documents\Harish_Holosuit\Github_Harish\New folder\BMS_Madan\Main Schematics.SchDoc with CAP_1uF_16V_20%_0805 from HK_ALTIUM_COM_LIB.IntLib
Replace Part C10 CAP_0.1uF_16V_10%_0805 in C:\Users\Dems\Documents\Harish_Holosuit\Github_Harish\New folder\BMS_Madan\Main Schematics.SchDoc with CAP_0.1uF_16V_10%_0805 from HK_ALTIUM_COM_LIB.IntLib
Replace Part C11 CAP_0.1uF_16V_10%_0805 in C:\Users\Dems\Documents\Harish_Holosuit\Github_Harish\New folder\BMS_Madan\Main Schematics.SchDoc with CAP_0.1uF_16V_10%_0805 from HK_ALTIUM_COM_LIB.IntLib
Replace Part CON1 CON_ED_2POS_3.5mmP in C:\Users\Dems\Documents\Harish_Holosuit\Github_Harish\New folder\BMS_Madan\Main Schematics.SchDoc with CON_ED_2POS_3.5mmP from HK_ALTIUM_COM_LIB.IntLib
Replace Part CON2 CON_18650_BATT in C:\Users\Dems\Documents\Harish_Holosuit\Github_Harish\New folder\BMS_Madan\Main Schematics.SchDoc with CON_18650_BATT from HK_ALTIUM_COM_LIB.IntLib
Replace Part CON3 CON_18650_BATT in C:\Users\Dems\Documents\Harish_Holosuit\Github_Harish\New folder\BMS_Madan\Main Schematics.SchDoc with CON_18650_BATT from HK_ALTIUM_COM_LIB.IntLib
Replace Part CON4 CON_18650_BATT in C:\Users\Dems\Documents\Harish_Holosuit\Github_Harish\New folder\BMS_Madan\Main Schematics.SchDoc with CON_18650_BATT from HK_ALTIUM_COM_LIB.IntLib
Replace Part CON? CON_ED_DC-JACK_RA_PJ-002A in C:\Users\Dems\Documents\Harish_Holosuit\Github_Harish\New folder\BMS_Madan\Main Schematics.SchDoc with CON_ED_DC-JACK_RA_PJ-002A from HK_ALTIUM_COM_LIB.IntLib
Replace Part DS1 LED_Red_0603_2.2V_HSMS-C190 in C:\Users\Dems\Documents\Harish_Holosuit\Github_Harish\New folder\BMS_Madan\Main Schematics.SchDoc with LED_Red_0603_2.2V_HSMS-C190 from HK_ALTIUM_COM_LIB.IntLib
Replace Part DS2 LED_Red_0603_2.2V_HSMS-C190 in C:\Users\Dems\Documents\Harish_Holosuit\Github_Harish\New folder\BMS_Madan\Main Schematics.SchDoc with LED_Red_0603_2.2V_HSMS-C190 from HK_ALTIUM_COM_LIB.IntLib
Replace Part DS3 LED_Red_0603_2.2V_HSMS-C190 in C:\Users\Dems\Documents\Harish_Holosuit\Github_Harish\New folder\BMS_Madan\Main Schematics.SchDoc with LED_Red_0603_2.2V_HSMS-C190 from HK_ALTIUM_COM_LIB.IntLib
Replace Part DS4 DIO_100V_0.25A_SOD-323F in C:\Users\Dems\Documents\Harish_Holosuit\Github_Harish\New folder\BMS_Madan\Main Schematics.SchDoc with DIO_100V_0.25A_SOD-323F from HK_ALTIUM_COM_LIB.IntLib
Replace Part DS5 DIO-Z_16V_200mW_5%_SOD-323 in C:\Users\Dems\Documents\Harish_Holosuit\Github_Harish\New folder\BMS_Madan\Main Schematics.SchDoc with DIO-Z_16V_200mW_5%_SOD-323 from HK_ALTIUM_COM_LIB.IntLib
Replace Part Q1 MOSFET-N_60V-50A_VSONP-8 in C:\Users\Dems\Documents\Harish_Holosuit\Github_Harish\New folder\BMS_Madan\Main Schematics.SchDoc with MOSFET-N_60V-50A_VSONP-8 from HK_ALTIUM_COM_LIB.IntLib
Replace Part Q2 MOSFET-N_60V-50A_VSONP-8 in C:\Users\Dems\Documents\Harish_Holosuit\Github_Harish\New folder\BMS_Madan\Main Schematics.SchDoc with MOSFET-N_60V-50A_VSONP-8 from HK_ALTIUM_COM_LIB.IntLib
Replace Part R1 RES_10K_1/8W_1%_0805 in C:\Users\Dems\Documents\Harish_Holosuit\Github_Harish\New folder\BMS_Madan\Main Schematics.SchDoc with RES_10K_1/8W_1%_0805 from HK_ALTIUM_COM_LIB.IntLib
Replace Part R2 RES_1K_1/8W_1%_0805 in C:\Users\Dems\Documents\Harish_Holosuit\Github_Harish\New folder\BMS_Madan\Main Schematics.SchDoc with RES_1K_1/8W_1%_0805 from HK_ALTIUM_COM_LIB.IntLib
Replace Part R3 RES_49R9_1/8_1%_0805 in C:\Users\Dems\Documents\Harish_Holosuit\Github_Harish\New folder\BMS_Madan\Main Schematics.SchDoc with RES_49R9_1/8_1%_0805 from HK_ALTIUM_COM_LIB.IntLib
Replace Part R4 RES_10K_1/8W_1%_0805 in C:\Users\Dems\Documents\Harish_Holosuit\Github_Harish\New folder\BMS_Madan\Main Schematics.SchDoc with RES_10K_1/8W_1%_0805 from HK_ALTIUM_COM_LIB.IntLib
Replace Part R5 RES_1K_1/8W_1%_0805 in C:\Users\Dems\Documents\Harish_Holosuit\Github_Harish\New folder\BMS_Madan\Main Schematics.SchDoc with RES_1K_1/8W_1%_0805 from HK_ALTIUM_COM_LIB.IntLib
Replace Part R6 RES_10K_1/8W_1%_0805 in C:\Users\Dems\Documents\Harish_Holosuit\Github_Harish\New folder\BMS_Madan\Main Schematics.SchDoc with RES_10K_1/8W_1%_0805 from HK_ALTIUM_COM_LIB.IntLib
Replace Part R7 RES_100K_1/8W_1%_0805 in C:\Users\Dems\Documents\Harish_Holosuit\Github_Harish\New folder\BMS_Madan\Main Schematics.SchDoc with RES_100K_1/8W_1%_0805 from HK_ALTIUM_COM_LIB.IntLib
Replace Part R8 RES_49R9_1/8_1%_0805 in C:\Users\Dems\Documents\Harish_Holosuit\Github_Harish\New folder\BMS_Madan\Main Schematics.SchDoc with RES_49R9_1/8_1%_0805 from HK_ALTIUM_COM_LIB.IntLib
Replace Part R9 RES_1K_1/8W_1%_0805 in C:\Users\Dems\Documents\Harish_Holosuit\Github_Harish\New folder\BMS_Madan\Main Schematics.SchDoc with RES_1K_1/8W_1%_0805 from HK_ALTIUM_COM_LIB.IntLib
Replace Part R10 RES_49R9_1/8_1%_0805 in C:\Users\Dems\Documents\Harish_Holosuit\Github_Harish\New folder\BMS_Madan\Main Schematics.SchDoc with RES_49R9_1/8_1%_0805 from HK_ALTIUM_COM_LIB.IntLib
Replace Part R11 RES_100R_1/8W_1%_0805 in C:\Users\Dems\Documents\Harish_Holosuit\Github_Harish\New folder\BMS_Madan\Main Schematics.SchDoc with RES_100R_1/8W_1%_0805 from HK_ALTIUM_COM_LIB.IntLib
Replace Part R12 RES_100R_1/8W_1%_0805 in C:\Users\Dems\Documents\Harish_Holosuit\Github_Harish\New folder\BMS_Madan\Main Schematics.SchDoc with RES_100R_1/8W_1%_0805 from HK_ALTIUM_COM_LIB.IntLib
Replace Part R13 RES_1K_1/8W_1%_0805 in C:\Users\Dems\Documents\Harish_Holosuit\Github_Harish\New folder\BMS_Madan\Main Schematics.SchDoc with RES_1K_1/8W_1%_0805 from HK_ALTIUM_COM_LIB.IntLib
Replace Part R14 RES_5.1K_1/8W_1%_0805 in C:\Users\Dems\Documents\Harish_Holosuit\Github_Harish\New folder\BMS_Madan\Main Schematics.SchDoc with RES_5.1K_1/8W_1%_0805 from HK_ALTIUM_COM_LIB.IntLib
Replace Part R15 RES_49R9_1/8_1%_0805 in C:\Users\Dems\Documents\Harish_Holosuit\Github_Harish\New folder\BMS_Madan\Main Schematics.SchDoc with RES_49R9_1/8_1%_0805 from HK_ALTIUM_COM_LIB.IntLib
Replace Part R16 RES_5.1K_1/8W_1%_0805 in C:\Users\Dems\Documents\Harish_Holosuit\Github_Harish\New folder\BMS_Madan\Main Schematics.SchDoc with RES_5.1K_1/8W_1%_0805 from HK_ALTIUM_COM_LIB.IntLib
Replace Part R17 RES_1M_1/8W_1%_0805 in C:\Users\Dems\Documents\Harish_Holosuit\Github_Harish\New folder\BMS_Madan\Main Schematics.SchDoc with RES_1M_1/8W_1%_0805 from HK_ALTIUM_COM_LIB.IntLib
Replace Part R18 RES_470K_1/8W_5%_0805 in C:\Users\Dems\Documents\Harish_Holosuit\Github_Harish\New folder\BMS_Madan\Main Schematics.SchDoc with RES_470K_1/8W_5%_0805 from HK_ALTIUM_COM_LIB.IntLib
Replace Part R19 RES_10M_1/8W_5%_0805 in C:\Users\Dems\Documents\Harish_Holosuit\Github_Harish\New folder\BMS_Madan\Main Schematics.SchDoc with RES_10M_1/8W_5%_0805 from HK_ALTIUM_COM_LIB.IntLib
Replace Part R20 RES_3M_1/8W_5%_0805 in C:\Users\Dems\Documents\Harish_Holosuit\Github_Harish\New folder\BMS_Madan\Main Schematics.SchDoc with RES_3M_1/8W_5%_0805 from HK_ALTIUM_COM_LIB.IntLib
Replace Part R21 RES_0.01R-0.125W-1%-0805 in C:\Users\Dems\Documents\Harish_Holosuit\Github_Harish\New folder\BMS_Madan\Main Schematics.SchDoc with RES_0.01R-0.125W-1%-0805 from HK_ALTIUM_COM_LIB.IntLib
Replace Part TP1 Test Point SMD Round 1.27mm in C:\Users\Dems\Documents\Harish_Holosuit\Github_Harish\New folder\BMS_Madan\Main Schematics.SchDoc with Test Point SMD Round 1.27mm from HK_ALTIUM_COM_LIB.IntLib
Replace Part TP2 Test Point SMD Round 1.27mm in C:\Users\Dems\Documents\Harish_Holosuit\Github_Harish\New folder\BMS_Madan\Main Schematics.SchDoc with Test Point SMD Round 1.27mm from HK_ALTIUM_COM_LIB.IntLib
Replace Part TP3 Test Point SMD Round 1.27mm in C:\Users\Dems\Documents\Harish_Holosuit\Github_Harish\New folder\BMS_Madan\Main Schematics.SchDoc with Test Point SMD Round 1.27mm from HK_ALTIUM_COM_LIB.IntLib
Replace Part TP4 Test Point SMD Round 1.27mm in C:\Users\Dems\Documents\Harish_Holosuit\Github_Harish\New folder\BMS_Madan\Main Schematics.SchDoc with Test Point SMD Round 1.27mm from HK_ALTIUM_COM_LIB.IntLib
Replace Part TP5 Test Point SMD Round 1.27mm in C:\Users\Dems\Documents\Harish_Holosuit\Github_Harish\New folder\BMS_Madan\Main Schematics.SchDoc with Test Point SMD Round 1.27mm from HK_ALTIUM_COM_LIB.IntLib
Replace Part TP6 Test Point SMD Round 1.27mm in C:\Users\Dems\Documents\Harish_Holosuit\Github_Harish\New folder\BMS_Madan\Main Schematics.SchDoc with Test Point SMD Round 1.27mm from HK_ALTIUM_COM_LIB.IntLib
Replace Part TP7 Test Point SMD Round 1.27mm in C:\Users\Dems\Documents\Harish_Holosuit\Github_Harish\New folder\BMS_Madan\Main Schematics.SchDoc with Test Point SMD Round 1.27mm from HK_ALTIUM_COM_LIB.IntLib
Replace Part TP8 Test Point SMD Round 1.27mm in C:\Users\Dems\Documents\Harish_Holosuit\Github_Harish\New folder\BMS_Madan\Main Schematics.SchDoc with Test Point SMD Round 1.27mm from HK_ALTIUM_COM_LIB.IntLib
Replace Part TP9 Test Point SMD Round 1.27mm in C:\Users\Dems\Documents\Harish_Holosuit\Github_Harish\New folder\BMS_Madan\Main Schematics.SchDoc with Test Point SMD Round 1.27mm from HK_ALTIUM_COM_LIB.IntLib
Replace Part U1 IC_BMS_3S_BQ77915_24TSSOP in C:\Users\Dems\Documents\Harish_Holosuit\Github_Harish\New folder\BMS_Madan\Main Schematics.SchDoc with IC_BMS_3S_BQ77915_24TSSOP from HK_ALTIUM_COM_LIB.IntLib
