Replace Part C1 CAP_1uF_16V_20%_0805 in D:\[1] - Personal\[5] - Personal Development\[1] - Projects\[5] - 3S_BMS\V1I2\Main Schematics.SchDoc with CAP_1uF_16V_20%_0805 from HK_ALTIUM_COM_LIB.IntLib
Replace Part C2 CAP_1uF_16V_20%_0805 in D:\[1] - Personal\[5] - Personal Development\[1] - Projects\[5] - 3S_BMS\V1I2\Main Schematics.SchDoc with CAP_1uF_16V_20%_0805 from HK_ALTIUM_COM_LIB.IntLib
Replace Part C4 CAP_1uF_16V_20%_0805 in D:\[1] - Personal\[5] - Personal Development\[1] - Projects\[5] - 3S_BMS\V1I2\Main Schematics.SchDoc with CAP_1uF_16V_20%_0805 from HK_ALTIUM_COM_LIB.IntLib
Replace Part C5 CAP_0.1uF_16V_10%_0805 in D:\[1] - Personal\[5] - Personal Development\[1] - Projects\[5] - 3S_BMS\V1I2\Main Schematics.SchDoc with CAP_0.1uF_16V_10%_0805 from HK_ALTIUM_COM_LIB.IntLib
Replace Part C6 CAP_1uF_16V_20%_0805 in D:\[1] - Personal\[5] - Personal Development\[1] - Projects\[5] - 3S_BMS\V1I2\Main Schematics.SchDoc with CAP_1uF_16V_20%_0805 from HK_ALTIUM_COM_LIB.IntLib
Replace Part C7 CAP_0.1uF_16V_10%_0805 in D:\[1] - Personal\[5] - Personal Development\[1] - Projects\[5] - 3S_BMS\V1I2\Main Schematics.SchDoc with CAP_0.1uF_16V_10%_0805 from HK_ALTIUM_COM_LIB.IntLib
Replace Part C8 CAP_0.1uF_16V_10%_0805 in D:\[1] - Personal\[5] - Personal Development\[1] - Projects\[5] - 3S_BMS\V1I2\Main Schematics.SchDoc with CAP_0.1uF_16V_10%_0805 from HK_ALTIUM_COM_LIB.IntLib
Replace Part C9 CAP_1uF_16V_20%_0805 in D:\[1] - Personal\[5] - Personal Development\[1] - Projects\[5] - 3S_BMS\V1I2\Main Schematics.SchDoc with CAP_1uF_16V_20%_0805 from HK_ALTIUM_COM_LIB.IntLib
Replace Part C10 CAP_1uF_16V_20%_0805 in D:\[1] - Personal\[5] - Personal Development\[1] - Projects\[5] - 3S_BMS\V1I2\Main Schematics.SchDoc with CAP_1uF_16V_20%_0805 from HK_ALTIUM_COM_LIB.IntLib
Replace Part C11 CAP_0.1uF_16V_10%_0805 in D:\[1] - Personal\[5] - Personal Development\[1] - Projects\[5] - 3S_BMS\V1I2\Main Schematics.SchDoc with CAP_0.1uF_16V_10%_0805 from HK_ALTIUM_COM_LIB.IntLib
Replace Part C12 CAP_0.1uF_16V_10%_0805 in D:\[1] - Personal\[5] - Personal Development\[1] - Projects\[5] - 3S_BMS\V1I2\Main Schematics.SchDoc with CAP_0.1uF_16V_10%_0805 from HK_ALTIUM_COM_LIB.IntLib
Replace Part C13 CAP_0.1uF_50V_10%_0805 in D:\[1] - Personal\[5] - Personal Development\[1] - Projects\[5] - 3S_BMS\V1I2\Main Schematics.SchDoc with CAP_0.1uF_50V_10%_0805 from HK_ALTIUM_COM_LIB.IntLib
Replace Part C14 CAP_22uF-25V-20%-0805 in D:\[1] - Personal\[5] - Personal Development\[1] - Projects\[5] - 3S_BMS\V1I2\Main Schematics.SchDoc with CAP_22uF-25V-20%-0805 from HK_ALTIUM_COM_LIB.IntLib
Replace Part C15 CAP_22uF-25V-20%-0805 in D:\[1] - Personal\[5] - Personal Development\[1] - Projects\[5] - 3S_BMS\V1I2\Main Schematics.SchDoc with CAP_22uF-25V-20%-0805 from HK_ALTIUM_COM_LIB.IntLib
Replace Part C18 CAP_0.1uF_50V_10%_0805 in D:\[1] - Personal\[5] - Personal Development\[1] - Projects\[5] - 3S_BMS\V1I2\Main Schematics.SchDoc with CAP_0.1uF_50V_10%_0805 from HK_ALTIUM_COM_LIB.IntLib
Replace Part DS1 LED_Red_0603_2.2V_HSMS-C190 in D:\[1] - Personal\[5] - Personal Development\[1] - Projects\[5] - 3S_BMS\V1I2\Main Schematics.SchDoc with LED_Red_0603_2.2V_HSMS-C190 from HK_ALTIUM_COM_LIB.IntLib
Replace Part DS2 LED_Red_0603_2.2V_HSMS-C190 in D:\[1] - Personal\[5] - Personal Development\[1] - Projects\[5] - 3S_BMS\V1I2\Main Schematics.SchDoc with LED_Red_0603_2.2V_HSMS-C190 from HK_ALTIUM_COM_LIB.IntLib
Replace Part DS3 LED_Red_0603_2.2V_HSMS-C190 in D:\[1] - Personal\[5] - Personal Development\[1] - Projects\[5] - 3S_BMS\V1I2\Main Schematics.SchDoc with LED_Red_0603_2.2V_HSMS-C190 from HK_ALTIUM_COM_LIB.IntLib
Replace Part DS4 LED_Green_0603_2.2V_HSMG-C190 in D:\[1] - Personal\[5] - Personal Development\[1] - Projects\[5] - 3S_BMS\V1I2\Main Schematics.SchDoc with LED_Green_0603_2.2V_HSMG-C190 from HK_ALTIUM_COM_LIB.IntLib
Replace Part DS7 LED_Green_0603_2.2V_HSMG-C190 in D:\[1] - Personal\[5] - Personal Development\[1] - Projects\[5] - 3S_BMS\V1I2\Main Schematics.SchDoc with LED_Green_0603_2.2V_HSMG-C190 from HK_ALTIUM_COM_LIB.IntLib
Replace Part MH1 MH_3mm in D:\[1] - Personal\[5] - Personal Development\[1] - Projects\[5] - 3S_BMS\V1I2\Main Schematics.SchDoc with MH_3mm from HK_ALTIUM_COM_LIB.IntLib
Replace Part MH2 MH_3mm in D:\[1] - Personal\[5] - Personal Development\[1] - Projects\[5] - 3S_BMS\V1I2\Main Schematics.SchDoc with MH_3mm from HK_ALTIUM_COM_LIB.IntLib
Replace Part MH3 MH_3mm in D:\[1] - Personal\[5] - Personal Development\[1] - Projects\[5] - 3S_BMS\V1I2\Main Schematics.SchDoc with MH_3mm from HK_ALTIUM_COM_LIB.IntLib
Replace Part MH4 MH_3mm in D:\[1] - Personal\[5] - Personal Development\[1] - Projects\[5] - 3S_BMS\V1I2\Main Schematics.SchDoc with MH_3mm from HK_ALTIUM_COM_LIB.IntLib
Replace Part P1 Header 5X2 in D:\[1] - Personal\[5] - Personal Development\[1] - Projects\[5] - 3S_BMS\V1I2\Main Schematics.SchDoc with Header 5X2 from Miscellaneous Connectors.IntLib
Replace Part P2 Header 2X2 in D:\[1] - Personal\[5] - Personal Development\[1] - Projects\[5] - 3S_BMS\V1I2\Main Schematics.SchDoc with Header 2X2 from Miscellaneous Connectors.IntLib
Replace Part R2 RES_10K_1/8W_1%_0805 in D:\[1] - Personal\[5] - Personal Development\[1] - Projects\[5] - 3S_BMS\V1I2\Main Schematics.SchDoc with RES_10K_1/8W_1%_0805 from HK_ALTIUM_COM_LIB.IntLib
Replace Part R7 RES_10K_1/8W_1%_0805 in D:\[1] - Personal\[5] - Personal Development\[1] - Projects\[5] - 3S_BMS\V1I2\Main Schematics.SchDoc with RES_10K_1/8W_1%_0805 from HK_ALTIUM_COM_LIB.IntLib
Replace Part R9 RES_10K_1/8W_1%_0805 in D:\[1] - Personal\[5] - Personal Development\[1] - Projects\[5] - 3S_BMS\V1I2\Main Schematics.SchDoc with RES_10K_1/8W_1%_0805 from HK_ALTIUM_COM_LIB.IntLib
Replace Part R10 RES_100K_1/8W_1%_0805 in D:\[1] - Personal\[5] - Personal Development\[1] - Projects\[5] - 3S_BMS\V1I2\Main Schematics.SchDoc with RES_100K_1/8W_1%_0805 from HK_ALTIUM_COM_LIB.IntLib
Replace Part R17 RES_10K_1/8W_1%_0805 in D:\[1] - Personal\[5] - Personal Development\[1] - Projects\[5] - 3S_BMS\V1I2\Main Schematics.SchDoc with RES_10K_1/8W_1%_0805 from HK_ALTIUM_COM_LIB.IntLib
Replace Part R27 RES_10K_1/8W_1%_0805 in D:\[1] - Personal\[5] - Personal Development\[1] - Projects\[5] - 3S_BMS\V1I2\Main Schematics.SchDoc with RES_10K_1/8W_1%_0805 from HK_ALTIUM_COM_LIB.IntLib
Replace Part R29 RES_10K_1/8W_1%_0805 in D:\[1] - Personal\[5] - Personal Development\[1] - Projects\[5] - 3S_BMS\V1I2\Main Schematics.SchDoc with RES_10K_1/8W_1%_0805 from HK_ALTIUM_COM_LIB.IntLib
Replace Part SW1 SW_SPST_Rocker_10A in D:\[1] - Personal\[5] - Personal Development\[1] - Projects\[5] - 3S_BMS\V1I2\Main Schematics.SchDoc with SW_SPST_Rocker_10A from HK_ALTIUM_COM_LIB.IntLib
Replace Part TP1 Test Point SMD Round 1.27mm in D:\[1] - Personal\[5] - Personal Development\[1] - Projects\[5] - 3S_BMS\V1I2\Main Schematics.SchDoc with Test Point SMD Round 1.27mm from HK_ALTIUM_COM_LIB.IntLib
Replace Part TP2 Test Point SMD Round 1.27mm in D:\[1] - Personal\[5] - Personal Development\[1] - Projects\[5] - 3S_BMS\V1I2\Main Schematics.SchDoc with Test Point SMD Round 1.27mm from HK_ALTIUM_COM_LIB.IntLib
Replace Part TP3 Test Point SMD Round 1.27mm in D:\[1] - Personal\[5] - Personal Development\[1] - Projects\[5] - 3S_BMS\V1I2\Main Schematics.SchDoc with Test Point SMD Round 1.27mm from HK_ALTIUM_COM_LIB.IntLib
Replace Part TP4 Test Point SMD Round 1.27mm in D:\[1] - Personal\[5] - Personal Development\[1] - Projects\[5] - 3S_BMS\V1I2\Main Schematics.SchDoc with Test Point SMD Round 1.27mm from HK_ALTIUM_COM_LIB.IntLib
Replace Part TP5 Test Point SMD Round 1.27mm in D:\[1] - Personal\[5] - Personal Development\[1] - Projects\[5] - 3S_BMS\V1I2\Main Schematics.SchDoc with Test Point SMD Round 1.27mm from HK_ALTIUM_COM_LIB.IntLib
Replace Part TP6 Test Point SMD Round 1.27mm in D:\[1] - Personal\[5] - Personal Development\[1] - Projects\[5] - 3S_BMS\V1I2\Main Schematics.SchDoc with Test Point SMD Round 1.27mm from HK_ALTIUM_COM_LIB.IntLib
Replace Part TP7 Test Point SMD Round 1.27mm in D:\[1] - Personal\[5] - Personal Development\[1] - Projects\[5] - 3S_BMS\V1I2\Main Schematics.SchDoc with Test Point SMD Round 1.27mm from HK_ALTIUM_COM_LIB.IntLib
Replace Part TP8 Test Point SMD Round 1.27mm in D:\[1] - Personal\[5] - Personal Development\[1] - Projects\[5] - 3S_BMS\V1I2\Main Schematics.SchDoc with Test Point SMD Round 1.27mm from HK_ALTIUM_COM_LIB.IntLib
Replace Part TP9 Test Point SMD Round 1.27mm in D:\[1] - Personal\[5] - Personal Development\[1] - Projects\[5] - 3S_BMS\V1I2\Main Schematics.SchDoc with Test Point SMD Round 1.27mm from HK_ALTIUM_COM_LIB.IntLib
Replace Part TP10 Test Point SMD Round 1.27mm in D:\[1] - Personal\[5] - Personal Development\[1] - Projects\[5] - 3S_BMS\V1I2\Main Schematics.SchDoc with Test Point SMD Round 1.27mm from HK_ALTIUM_COM_LIB.IntLib
